[2025-05-12 17:05:47] ERROR: Cannot read properties of undefined (reading 'service')
[2025-05-12 17:05:51] ERROR: Cannot read properties of undefined (reading 'service')
[2025-05-12 17:07:53] ERROR: Cannot read properties of undefined (reading 'service')
[2025-05-12 17:10:42] ERROR: Cannot read properties of undefined (reading 'service')
[2025-05-12 17:21:43] ERROR: Cannot read properties of undefined (reading 'service')
[2025-05-12 17:21:45] ERROR: Cannot read properties of undefined (reading 'service')
[2025-05-12 17:24:34] ERROR: Cannot read properties of undefined (reading 'service')
[2025-05-12 17:24:36] ERROR: Cannot read properties of undefined (reading 'service')
[2025-05-12 17:27:17] ERROR: Cannot read properties of undefined (reading 'service')
[2025-05-12 17:27:53] ERROR: Cannot read properties of undefined (reading 'service')
[2025-05-12 17:37:16] ERROR: invalid data
[2025-05-12 17:37:21] ERROR: invalid data
[2025-05-12 17:47:51] ERROR: Cannot read properties of undefined (reading 'service')
[2025-05-12 17:47:54] ERROR: Cannot read properties of undefined (reading 'service')
[2025-05-12 17:48:19] ERROR: code invalid
[2025-05-12 17:48:21] ERROR: code invalid
[2025-05-12 17:49:57] ERROR: code invalid
[2025-05-12 17:51:08] ERROR: Password is required but not provided
[2025-05-13 09:36:48] ERROR: code invalid
[2025-05-13 09:38:35] ERROR: Password is required but not provided
[2025-05-13 09:43:01] ERROR: code invalid
[2025-05-13 09:44:04] ERROR: code invalid
[2025-05-13 10:16:04] ERROR: insuffisant
[2025-05-13 10:17:05] ERROR: insuffisant
[2025-05-13 10:17:07] ERROR: insuffisant
[2025-05-13 10:17:08] ERROR: insuffisant
[2025-05-13 10:17:58] ERROR: insuffisant
[2025-05-13 10:22:45] ERROR: insuffisant
[2025-05-13 10:26:14] ERROR: invalid data
[2025-05-13 10:26:56] ERROR: invalid data
[2025-05-13 10:26:58] ERROR: invalid data
[2025-05-13 10:27:39] ERROR: invalid data
[2025-05-13 10:28:45] ERROR: invalid data
[2025-05-13 10:28:47] ERROR: invalid data
[2025-05-13 10:28:48] ERROR: invalid data
[2025-05-13 10:28:56] ERROR: invalid data
[2025-05-13 10:29:22] ERROR: invalid data
[2025-05-13 10:30:33] ERROR: invalid data
[2025-05-13 10:31:40] ERROR: invalid data
[2025-05-13 10:31:41] ERROR: invalid data
[2025-05-13 10:31:42] ERROR: invalid data
[2025-05-13 10:32:09] ERROR: invalid data
[2025-05-13 10:32:11] ERROR: invalid data
[2025-05-13 10:33:19] ERROR: invalid data
[2025-05-13 10:33:32] ERROR: invalid data
[2025-05-13 10:34:10] ERROR: invalid data
[2025-05-13 10:34:12] ERROR: invalid data
[2025-05-13 10:34:56] ERROR: invalid data
[2025-05-13 10:34:57] ERROR: invalid data
[2025-05-13 10:35:15] ERROR: invalid data
[2025-05-13 10:35:16] ERROR: invalid data
[2025-05-13 10:38:54] ERROR: invalid data
[2025-05-13 10:38:56] ERROR: invalid data
[2025-05-13 10:40:15] ERROR: invalid data
[2025-05-13 10:40:16] ERROR: invalid data
[2025-05-13 10:40:32] ERROR: invalid data
[2025-05-13 10:41:04] ERROR: invalid data
[2025-05-13 10:41:05] ERROR: invalid data
[2025-05-13 10:41:05] ERROR: invalid data
[2025-05-13 10:41:05] ERROR: invalid data
[2025-05-13 10:41:05] ERROR: invalid data
[2025-05-13 10:43:30] ERROR: invalid data
[2025-05-13 10:43:32] ERROR: invalid data
